/*C1*/SET SCHEMA SYSTEM_LOBS
INSERT INTO BLOCKS VALUES(0,2147483647,0)
COMMIT
/*C2*/SET SCHEMA PUBLIC
\u000d\u000a    drop table if exists cliente CASCADE 
\u000d\u000a    drop table if exists pedido CASCADE 
\u000d\u000a    drop table if exists pedido_produtos CASCADE 
\u000d\u000a    drop table if exists produto CASCADE 
\u000d\u000a    create table cliente (\u000d\u000a       id bigint generated by default as identity (start with 1),\u000d\u000a        cpf varchar(20),\u000d\u000a        data_de_nascimento date,\u000d\u000a        nome varchar(30),\u000d\u000a        primary key (id)\u000d\u000a    )
\u000d\u000a    create table pedido (\u000d\u000a       id bigint generated by default as identity (start with 1),\u000d\u000a        data_da_compra date,\u000d\u000a        total_da_compra numeric(19,2),\u000d\u000a        cliente_id bigint,\u000d\u000a        primary key (id)\u000d\u000a    )
\u000d\u000a    create table pedido_produtos (\u000d\u000a       pedido_id bigint not null,\u000d\u000a        produtos_id bigint not null\u000d\u000a    )
\u000d\u000a    create table produto (\u000d\u000a       id bigint generated by default as identity (start with 1),\u000d\u000a        descricao varchar(40),\u000d\u000a        nome varchar(40),\u000d\u000a        preco numeric(19,2),\u000d\u000a        quantidade integer not null,\u000d\u000a        primary key (id)\u000d\u000a    )
\u000d\u000a    alter table pedido_produtos \u000d\u000a       add constraint UK_a8hwa0ws4mtjhw7oae6dp2b7v unique (produtos_id)
\u000d\u000a    alter table pedido \u000d\u000a       add constraint um_cliente_esta_associado_a_um_pedido \u000d\u000a       foreign key (cliente_id) \u000d\u000a       references cliente
\u000d\u000a    alter table pedido_produtos \u000d\u000a       add constraint FKjbeb9e1fpew7efynuggyfyk28 \u000d\u000a       foreign key (produtos_id) \u000d\u000a       references produto
\u000d\u000a    alter table pedido_produtos \u000d\u000a       add constraint FKjyqoxfuf4ce53ggut07np0rsb \u000d\u000a       foreign key (pedido_id) \u000d\u000a       references pedido
INSERT INTO PRODUTO VALUES(1,'Arroz Parboilizado','Arroz',4.60,12)
COMMIT
INSERT INTO PRODUTO VALUES(2,'Feij\u00e3o Carioca','Feij\u00e3o',3.80,20)
COMMIT
INSERT INTO PRODUTO VALUES(3,'Carne Moida','Carne',5.20,15)
COMMIT
INSERT INTO PRODUTO VALUES(4,'L\u00e1mem','Miojo',1.68,120)
COMMIT
INSERT INTO PRODUTO VALUES(5,'Lingui\u00e7a De Porco','Lingui\u00e7a',3.90,18)
COMMIT
INSERT INTO PRODUTO VALUES(6,'\u00d3leo De Soja','\u00d3leo',3.57,22)
COMMIT
INSERT INTO PRODUTO VALUES(7,'Coca Cola','Refrigerante',7.48,19)
COMMIT
INSERT INTO PRODUTO VALUES(8,'Pacote 30 Unidades','Salsicha',8.72,15)
COMMIT
INSERT INTO PRODUTO VALUES(9,'Caf\u00e9 Em Gr\u00e3os','Caf\u00e9',5.87,21)
COMMIT
INSERT INTO PRODUTO VALUES(10,'Arroz Integral','Arroz',5.30,26)
COMMIT
INSERT INTO PRODUTO VALUES(11,'Bacalhau','Peixe',9.45,13)
COMMIT
INSERT INTO PRODUTO VALUES(12,'Sardinha Pacote 8 Unids.','Sardinha',12.70,19)
COMMIT
INSERT INTO PRODUTO VALUES(13,'Sal Pacote 3 Kg','Sal',1.70,15)
COMMIT
INSERT INTO PRODUTO VALUES(14,'Duzia','Tomate',7.50,30)
COMMIT
INSERT INTO PRODUTO VALUES(15,'Pacote 6 Feixes','Alface',3.89,17)
COMMIT
INSERT INTO PRODUTO VALUES(16,'Laranja Casca Amarela','Laranja',4.80,18)
COMMIT
INSERT INTO PRODUTO VALUES(17,'Mam\u00e3o Papaia','Mam\u00e3o',3.70,16)
COMMIT
INSERT INTO PRODUTO VALUES(18,'100 Gramas','Salsinhha',2.90,17)
COMMIT
INSERT INTO PRODUTO VALUES(19,'Leite Em P\u00f3','Leite',4.80,11)
COMMIT
INSERT INTO PRODUTO VALUES(20,'Chocolate Em P\u00f3 Com A\u00e7ucar','Chocolate Em P\u00f3',4.60,18)
COMMIT
INSERT INTO CLIENTE VALUES(1,'786.092.986-48','1998-02-17','Ant\u00f4nio Feitosa Bastos')
COMMIT
INSERT INTO CLIENTE VALUES(2,'765.092.986-84','1993-03-26','Maria Augusta Siqueira')
COMMIT
INSERT INTO CLIENTE VALUES(3,'123.098.986-38','1998-09-12','Miguel Neto Da Silva')
COMMIT
INSERT INTO CLIENTE VALUES(4,'456.096.129-96','1988-09-28','Suzana Junqueira Medeiros')
COMMIT
INSERT INTO CLIENTE VALUES(5,'817.048.938-72','1979-05-11','Jo\u00e3o Ferreira Filho')
COMMIT
INSERT INTO CLIENTE VALUES(6,'793.920.152-94','1979-03-15','Jos\u00e9 Alves Feitosa')
COMMIT
INSERT INTO CLIENTE VALUES(7,'903.920.852-14','1991-08-07','Ant\u00f4nia Lima Barros')
COMMIT
INSERT INTO CLIENTE VALUES(8,'129.563.152-69','2007-09-01','Marcos Freitas de S\u00e1')
COMMIT
DELETE FROM CLIENTE WHERE ID=1
INSERT INTO CLIENTE VALUES(1,'104.920.152-83','1998-02-17','Ant\u00f4nio Feitosa Bastos')
COMMIT
DELETE FROM CLIENTE WHERE ID=3
COMMIT
INSERT INTO PRODUTO VALUES(21,'Produto Integral','Arroz',4.80,10)
COMMIT
INSERT INTO PRODUTO VALUES(22,'Carioca','Feij\u00e3o',3.75,10)
COMMIT
INSERT INTO PRODUTO VALUES(23,'Miojo','Macarr\u00e3o',1.92,5)
COMMIT
DELETE FROM PRODUTO WHERE ID=4
INSERT INTO PRODUTO VALUES(4,'Parboilizado','Miojo',1.68,120)
COMMIT
DELETE FROM PRODUTO WHERE ID=6
COMMIT
INSERT INTO PEDIDO VALUES(1,'2020-04-12',37.50,2)
COMMIT
INSERT INTO PEDIDO VALUES(2,'2021-10-07',48.00,1)
COMMIT
INSERT INTO PEDIDO VALUES(3,'2021-01-18',37.50,2)
COMMIT
\u000d\u000a    drop table if exists cliente CASCADE 
\u000d\u000a    drop table if exists pedido CASCADE 
\u000d\u000a    drop table if exists pedido_produtos CASCADE 
\u000d\u000a    drop table if exists produto CASCADE 
DISCONNECT
/*C3*/SET SCHEMA PUBLIC
DISCONNECT
/*C4*/SET SCHEMA PUBLIC
DISCONNECT
/*C5*/SET SCHEMA PUBLIC
DISCONNECT
/*C6*/SET SCHEMA PUBLIC
DISCONNECT
/*C7*/SET SCHEMA PUBLIC
DISCONNECT
/*C8*/SET SCHEMA PUBLIC
DISCONNECT
/*C9*/SET SCHEMA PUBLIC
DISCONNECT
/*C10*/SET SCHEMA PUBLIC
DISCONNECT
/*C11*/SET SCHEMA PUBLIC
DISCONNECT
